<?xml version="1.0" encoding="UTF-8"?>
<!-- Generated by org.testng.reporters.JUnitReportReporter -->
<testsuite hostname="DESKTOP-141UIPT" failures="0" tests="2" name="Niranjangowda.Sample1" time="0.017" errors="0" timestamp="2022-01-18T21:51:51 IST" skipped="0">
  <testcase classname="Niranjangowda.Sample1" name="test1" time="0.015"/>
  <system-out>
    <![CDATA[hello]]>
  </system-out>
  <testcase classname="Niranjangowda.Sample1" name="test2" time="0.002"/>
  <system-out>
    <![CDATA[world]]>
  </system-out>
</testsuite> <!-- Niranjangowda.Sample1 -->
